<?xml version="1.0" encoding="UTF-8"?>
<!-- Generated by org.testng.reporters.JUnitReportReporter -->
<testsuite hostname="C100-22" failures="0" tests="1" name="TestCase.TC_Hotels" time="139.152" errors="0" timestamp="2022-08-12T17:42:36 IST" skipped="0">
  <testcase classname="TestCase.TC_Hotels" name="verifyandCompareHotels" time="139.152"/>
  <system-out/>
</testsuite> <!-- TestCase.TC_Hotels -->
